Fetching registry information from https://github.com/microsoft/vcpkg (HEAD)...
Detecting compiler hash for triplet x64-windows...
Compiler found: C:/Program Files/Microsoft Visual Studio/2022/Community/VC/Tools/MSVC/14.40.33807/bin/Hostx64/x64/cl.exe
The following packages will be built and installed:
  * egl-registry:x64-windows@2024-01-25 -- C:\Users\Rajitha\AppData\Local\vcpkg\registries\git-trees\d883db43133dd223c4ffdbef4193943f6784d43a
  * expat:x64-windows@2.6.1 -- C:\Users\Rajitha\AppData\Local\vcpkg\registries\git-trees\8deb84860eca4c337d83da3051340336d01dc57f
    fmt:x64-windows@10.2.1#1 -- C:\Users\Rajitha\AppData\Local\vcpkg\registries\git-trees\74cfe848ded3d9610b11e442aa6b2341cfa65b1b
  * libjpeg-turbo:x64-windows@3.0.2 -- C:\Users\Rajitha\AppData\Local\vcpkg\registries\git-trees\6d061c71a48ca2abff5cf471f77ef14d7222aa52
  * liblzma:x64-windows@5.6.0 -- C:\Users\Rajitha\AppData\Local\vcpkg\registries\git-trees\b362003b452b95b7fef8577175651a7e33940f7f
  * libpng:x64-windows@1.6.43 -- C:\Users\Rajitha\AppData\Local\vcpkg\registries\git-trees\8673cfd41804628ce52c499b8d23c5696104ec47
  * nanosvg:x64-windows@2023-12-29 -- C:\Users\Rajitha\AppData\Local\vcpkg\registries\git-trees\6fbdab7bdd32d0755336f499d49f9a0f31e8fb36
    opengl:x64-windows@2022-12-04#3 -- C:\Users\Rajitha\AppData\Local\vcpkg\registries\git-trees\c3ae71738f88449ebcd781cef60d9a253fa091d4
  * opengl-registry:x64-windows@2024-02-10#1 -- C:\Users\Rajitha\AppData\Local\vcpkg\registries\git-trees\22f7aa58ee78c9f0db904b6251e9265f2be26f9d
  * pcre2[core,jit,platform-default-features]:x64-windows@10.42#2 -- C:\Users\Rajitha\AppData\Local\vcpkg\registries\git-trees\20b801575053f62e43a5ab22a8812e3f01302e88
  * tiff[core,jpeg,lzma,zip]:x64-windows@4.6.0#4 -- C:\Users\Rajitha\AppData\Local\vcpkg\registries\git-trees\9aa03ccc8de52590c49943ca462d6f833d0a9118
  * vcpkg-cmake:x64-windows@2023-05-04 -- C:\Users\Rajitha\AppData\Local\vcpkg\registries\git-trees\88a7058fc7fa73a9c4c99cfcae9d79e2abf87a5a
  * vcpkg-cmake-config:x64-windows@2022-02-06#1 -- C:\Users\Rajitha\AppData\Local\vcpkg\registries\git-trees\8d54cc4f487d51b655abec5f9c9c3f86ca83311f
    wxwidgets[core,debug-support,sound]:x64-windows@3.2.4#1 -- C:\Users\Rajitha\AppData\Local\vcpkg\registries\git-trees\4d0a489a0a24e703960f526ed1c40e8b7ae2a221
  * zlib:x64-windows@1.3.1 -- C:\Users\Rajitha\AppData\Local\vcpkg\registries\git-trees\3f05e04b9aededb96786a911a16193cdb711f0c9
Additional packages (*) will be modified to complete this operation.
Restored 15 package(s) from C:\Users\Rajitha\AppData\Local\vcpkg\archives in 5.5 s. Use --debug to see more details.
Installing 1/15 vcpkg-cmake-config:x64-windows@2022-02-06#1...
Elapsed time to handle vcpkg-cmake-config:x64-windows: 6.51 ms
vcpkg-cmake-config:x64-windows package ABI: 766db06c109882dada90b19ceb0068959340704cc626e7d14d950f137082e9ce
Installing 2/15 vcpkg-cmake:x64-windows@2023-05-04...
Elapsed time to handle vcpkg-cmake:x64-windows: 14.4 ms
vcpkg-cmake:x64-windows package ABI: d7f26679ea6b1a48df1fde968651988504c1c8e2a2f9e5d900a8893e8620a750
Installing 3/15 fmt:x64-windows@10.2.1#1...
Elapsed time to handle fmt:x64-windows: 24.2 ms
fmt:x64-windows package ABI: 4f5b017596aa8470da30980323f91f771f74a2109688810ec6c4d891c1e523c3
Installing 4/15 egl-registry:x64-windows@2024-01-25...
Elapsed time to handle egl-registry:x64-windows: 15.7 ms
egl-registry:x64-windows package ABI: 5b8a0fefc3c912d9ea62b086cfbe4193954e5f4aa6520160f2f3a7d6f600584b
Installing 5/15 opengl-registry:x64-windows@2024-02-10#1...
Elapsed time to handle opengl-registry:x64-windows: 23.2 ms
opengl-registry:x64-windows package ABI: f4641773326349a72e94193df3f82f89423674e1fc78f45071e1fc5fe3daa924
Installing 6/15 opengl:x64-windows@2022-12-04#3...
Elapsed time to handle opengl:x64-windows: 17.1 ms
opengl:x64-windows package ABI: 6e664968feb97775feea52c5ce419c7fc4f2ca6019704fcb4a7c0f518f2147dd
Installing 7/15 zlib:x64-windows@1.3.1...
Elapsed time to handle zlib:x64-windows: 15.7 ms
zlib:x64-windows package ABI: 48ef7c14fc2360a980b0c339d85868cf2a222e5e6a6ab40c615c915ad5827236
Installing 8/15 liblzma:x64-windows@5.6.0...
Elapsed time to handle liblzma:x64-windows: 28.4 ms
liblzma:x64-windows package ABI: 705522aa8c7fadfdfb1752fffcc9f7dec1fb9dd97e667441848410badfe82b51
Installing 9/15 libjpeg-turbo:x64-windows@3.0.2...
Elapsed time to handle libjpeg-turbo:x64-windows: 22.7 ms
libjpeg-turbo:x64-windows package ABI: 9fe496006ddbc12668bac8479084509492e613be25e2c309900d9229fe04ed6b
Installing 10/15 tiff[core,jpeg,lzma,zip]:x64-windows@4.6.0#4...
Elapsed time to handle tiff:x64-windows: 25.8 ms
tiff:x64-windows package ABI: aa7a1627acd0fa63df6e0853cacacbad400b73c8c9f507c4138f1b04b4fca116
Installing 11/15 pcre2[core,jit,platform-default-features]:x64-windows@10.42#2...
Elapsed time to handle pcre2:x64-windows: 31.1 ms
pcre2:x64-windows package ABI: d07c9fbfff5de64c8e0c76ab8f923aa667cffa4fd13f40515a5cedd972f21bc8
Installing 12/15 nanosvg:x64-windows@2023-12-29...
Elapsed time to handle nanosvg:x64-windows: 15.2 ms
nanosvg:x64-windows package ABI: d106c0dbc667c0261c1a09f270582f0eea67299f985028bffc6db2dec0b2a372
Installing 13/15 libpng:x64-windows@1.6.43...
Elapsed time to handle libpng:x64-windows: 21 ms
libpng:x64-windows package ABI: 0d606c2b25a31e204eeaf1305c0927f8af9aaa0b26bb0fedb6d63b830678e624
Installing 14/15 expat:x64-windows@2.6.1...
Elapsed time to handle expat:x64-windows: 19.6 ms
expat:x64-windows package ABI: bdc394a5527d61e46ae3ce8cc4adc586037eca772a3fc4d298563f8ece5fc966
Installing 15/15 wxwidgets[core,debug-support,sound]:x64-windows@3.2.4#1...
Elapsed time to handle wxwidgets:x64-windows: 542 ms
wxwidgets:x64-windows package ABI: 7c98e471b6b6ef08587c248bfd45f1f875f5bbbd0ae8fa17f097370e9083e0d3
Total install time: 823 ms
The package fmt provides CMake targets:

    find_package(fmt CONFIG REQUIRED)
    target_link_libraries(main PRIVATE fmt::fmt)

    # Or use the header-only version
    find_package(fmt CONFIG REQUIRED)
    target_link_libraries(main PRIVATE fmt::fmt-header-only)

The package opengl is compatible with built-in CMake targets via CMake v3.7 and prior syntax

    find_package(OpenGL REQUIRED)
    target_link_libraries(main PRIVATE ${OPENGL_LIBRARIES})
    target_include_directories(main PRIVATE ${OPENGL_INCLUDE_DIR})

and the CMake v3.8 and beyond imported target syntax

    find_package(OpenGL REQUIRED)
    target_link_libraries(main PRIVATE OpenGL::GL)

introduction of various components

    find_package(OpenGL REQUIRED COMPONENTS GL      # v3.8
                                            GLU     # v3.8
                                            GLX     # v3.10
                                            EGL     # v3.10
                                            OpenGL) # v3.10

The OpenGL SDK is highly platform dependent and is usually an OS component. It's not realistic to build from source for every platform.

    WINDOWS: is part of the Windows SDK which this package installs.
    LINUX: the SDK may be installed from your distro's repo or from 3rd parties manually. There are too many to count.
    APPLE: consult your distribution vendor on the state of OpenGL support: https://support.apple.com/en-us/HT202823

The package wxwidgets provides CMake targets:

    find_package(wxWidgets CONFIG REQUIRED)
    target_link_libraries(main PRIVATE wx::core wx::base)

